<?xml version="1.0" encoding="UTF-8"?><testrun name="Rerun cn.wolfcode.shop.test.IProductServiceTest.testQuery" project="web-advancedQuery01" tests="1" started="1" failures="0" errors="1" ignored="0">
  <testcase name="testQuery" classname="cn.wolfcode.shop.test.IProductServiceTest" time="1.049">
    <error>org.apache.ibatis.exceptions.PersistenceException: &#13;
### Error querying database.  Cause: java.sql.SQLException: Parameter index out of range (3 &gt; number of parameters, which is 2).&#13;
### The error may exist in cn/wolfcode/shop/domain/ProductMapper.xml&#13;
### The error may involve defaultParameterMap&#13;
### The error occurred while setting parameters&#13;
### SQL: select * from product        WHERE  productName like  concat('%' ,'?' , '%')       limit ?, ?&#13;
### Cause: java.sql.SQLException: Parameter index out of range (3 &gt; number of parameters, which is 2).&#13;
	at org.apache.ibatis.exceptions.ExceptionFactory.wrapException(ExceptionFactory.java:23)&#13;
	at org.apache.ibatis.session.defaults.DefaultSqlSession.selectList(DefaultSqlSession.java:104)&#13;
	at org.apache.ibatis.session.defaults.DefaultSqlSession.selectList(DefaultSqlSession.java:95)&#13;
	at cn.wolfcode.shop.dao.impl.ProductDAOImpl.query(ProductDAOImpl.java:60)&#13;
	at cn.wolfcode.shop.service.impl.ProductServiceImpl.query(ProductServiceImpl.java:40)&#13;
	at cn.wolfcode.shop.test.IProductServiceTest.testQuery(IProductServiceTest.java:54)&#13;
	at sun.reflect.NativeMethodAccessorImpl.invoke0(Native Method)&#13;
	at sun.reflect.NativeMethodAccessorImpl.invoke(NativeMethodAccessorImpl.java:62)&#13;
	at sun.reflect.DelegatingMethodAccessorImpl.invoke(DelegatingMethodAccessorImpl.java:43)&#13;
	at java.lang.reflect.Method.invoke(Method.java:498)&#13;
	at org.junit.runners.model.FrameworkMethod$1.runReflectiveCall(FrameworkMethod.java:50)&#13;
	at org.junit.internal.runners.model.ReflectiveCallable.run(ReflectiveCallable.java:12)&#13;
	at org.junit.runners.model.FrameworkMethod.invokeExplosively(FrameworkMethod.java:47)&#13;
	at org.junit.internal.runners.statements.InvokeMethod.evaluate(InvokeMethod.java:17)&#13;
	at org.junit.runners.ParentRunner.runLeaf(ParentRunner.java:325)&#13;
	at org.junit.runners.BlockJUnit4ClassRunner.runChild(BlockJUnit4ClassRunner.java:78)&#13;
	at org.junit.runners.BlockJUnit4ClassRunner.runChild(BlockJUnit4ClassRunner.java:57)&#13;
	at org.junit.runners.ParentRunner$3.run(ParentRunner.java:290)&#13;
	at org.junit.runners.ParentRunner$1.schedule(ParentRunner.java:71)&#13;
	at org.junit.runners.ParentRunner.runChildren(ParentRunner.java:288)&#13;
	at org.junit.runners.ParentRunner.access$000(ParentRunner.java:58)&#13;
	at org.junit.runners.ParentRunner$2.evaluate(ParentRunner.java:268)&#13;
	at org.junit.runners.ParentRunner.run(ParentRunner.java:363)&#13;
	at org.eclipse.jdt.internal.junit4.runner.JUnit4TestReference.run(JUnit4TestReference.java:86)&#13;
	at org.eclipse.jdt.internal.junit.runner.TestExecution.run(TestExecution.java:38)&#13;
	at org.eclipse.jdt.internal.junit.runner.RemoteTestRunner.runTests(RemoteTestRunner.java:459)&#13;
	at org.eclipse.jdt.internal.junit.runner.RemoteTestRunner.runTests(RemoteTestRunner.java:675)&#13;
	at org.eclipse.jdt.internal.junit.runner.RemoteTestRunner.run(RemoteTestRunner.java:382)&#13;
	at org.eclipse.jdt.internal.junit.runner.RemoteTestRunner.main(RemoteTestRunner.java:192)&#13;
Caused by: java.sql.SQLException: Parameter index out of range (3 &gt; number of parameters, which is 2).&#13;
	at com.mysql.jdbc.SQLError.createSQLException(SQLError.java:957)&#13;
	at com.mysql.jdbc.SQLError.createSQLException(SQLError.java:896)&#13;
	at com.mysql.jdbc.SQLError.createSQLException(SQLError.java:885)&#13;
	at com.mysql.jdbc.SQLError.createSQLException(SQLError.java:860)&#13;
	at com.mysql.jdbc.PreparedStatement.checkBounds(PreparedStatement.java:3319)&#13;
	at com.mysql.jdbc.PreparedStatement.setInternal(PreparedStatement.java:3304)&#13;
	at com.mysql.jdbc.PreparedStatement.setInternal(PreparedStatement.java:3341)&#13;
	at com.mysql.jdbc.PreparedStatement.setInt(PreparedStatement.java:3294)&#13;
	at org.apache.ibatis.type.IntegerTypeHandler.setNonNullParameter(IntegerTypeHandler.java:28)&#13;
	at org.apache.ibatis.type.IntegerTypeHandler.setNonNullParameter(IntegerTypeHandler.java:23)&#13;
	at org.apache.ibatis.type.BaseTypeHandler.setParameter(BaseTypeHandler.java:46)&#13;
	at org.apache.ibatis.executor.parameter.DefaultParameterHandler.setParameters(DefaultParameterHandler.java:91)&#13;
	at org.apache.ibatis.executor.statement.PreparedStatementHandler.parameterize(PreparedStatementHandler.java:77)&#13;
	at org.apache.ibatis.executor.statement.RoutingStatementHandler.parameterize(RoutingStatementHandler.java:58)&#13;
	at org.apache.ibatis.executor.SimpleExecutor.prepareStatement(SimpleExecutor.java:71)&#13;
	at org.apache.ibatis.executor.SimpleExecutor.doQuery(SimpleExecutor.java:56)&#13;
	at org.apache.ibatis.executor.BaseExecutor.queryFromDatabase(BaseExecutor.java:267)&#13;
	at org.apache.ibatis.executor.BaseExecutor.query(BaseExecutor.java:141)&#13;
	at org.apache.ibatis.executor.CachingExecutor.query(CachingExecutor.java:105)&#13;
	at org.apache.ibatis.executor.CachingExecutor.query(CachingExecutor.java:81)&#13;
	at org.apache.ibatis.session.defaults.DefaultSqlSession.selectList(DefaultSqlSession.java:101)&#13;
	... 27 more&#13;
&#13;
</error>
  </testcase>
</testrun>
