<?xml version="1.0" encoding="UTF-8"?><testrun name="Rerun cn.wolfcode.shop.test.ProductServiceTest.testSave" project="tack03" tests="1" started="1" failures="0" errors="1" ignored="0">
  <testcase name="testSave" classname="cn.wolfcode.shop.test.ProductServiceTest" time="0.825">
    <error>org.apache.ibatis.exceptions.PersistenceException: &#13;
### Error updating database.  Cause: org.apache.ibatis.reflection.ReflectionException: There is no getter for property named 'name' in 'class cn.wolfcode.shop.domain.Product'&#13;
### The error may involve defaultParameterMap&#13;
### The error occurred while setting parameters&#13;
### SQL: insert into t_product (name, price, info) values (?, ?, ?)&#13;
### Cause: org.apache.ibatis.reflection.ReflectionException: There is no getter for property named 'name' in 'class cn.wolfcode.shop.domain.Product'&#13;
	at org.apache.ibatis.exceptions.ExceptionFactory.wrapException(ExceptionFactory.java:23)&#13;
	at org.apache.ibatis.session.defaults.DefaultSqlSession.update(DefaultSqlSession.java:147)&#13;
	at cn.wolfcode.shop.dao.impl.ProductDAOImpl.save(ProductDAOImpl.java:17)&#13;
	at cn.wolfcode.shop.service.impl.ProductServiceImpl.save(ProductServiceImpl.java:13)&#13;
	at cn.wolfcode.shop.test.ProductServiceTest.testSave(ProductServiceTest.java:23)&#13;
	at sun.reflect.NativeMethodAccessorImpl.invoke0(Native Method)&#13;
	at sun.reflect.NativeMethodAccessorImpl.invoke(NativeMethodAccessorImpl.java:62)&#13;
	at sun.reflect.DelegatingMethodAccessorImpl.invoke(DelegatingMethodAccessorImpl.java:43)&#13;
	at java.lang.reflect.Method.invoke(Method.java:498)&#13;
	at org.junit.runners.model.FrameworkMethod$1.runReflectiveCall(FrameworkMethod.java:50)&#13;
	at org.junit.internal.runners.model.ReflectiveCallable.run(ReflectiveCallable.java:12)&#13;
	at org.junit.runners.model.FrameworkMethod.invokeExplosively(FrameworkMethod.java:47)&#13;
	at org.junit.internal.runners.statements.InvokeMethod.evaluate(InvokeMethod.java:17)&#13;
	at org.junit.runners.ParentRunner.runLeaf(ParentRunner.java:325)&#13;
	at org.junit.runners.BlockJUnit4ClassRunner.runChild(BlockJUnit4ClassRunner.java:78)&#13;
	at org.junit.runners.BlockJUnit4ClassRunner.runChild(BlockJUnit4ClassRunner.java:57)&#13;
	at org.junit.runners.ParentRunner$3.run(ParentRunner.java:290)&#13;
	at org.junit.runners.ParentRunner$1.schedule(ParentRunner.java:71)&#13;
	at org.junit.runners.ParentRunner.runChildren(ParentRunner.java:288)&#13;
	at org.junit.runners.ParentRunner.access$000(ParentRunner.java:58)&#13;
	at org.junit.runners.ParentRunner$2.evaluate(ParentRunner.java:268)&#13;
	at org.junit.runners.ParentRunner.run(ParentRunner.java:363)&#13;
	at org.eclipse.jdt.internal.junit4.runner.JUnit4TestReference.run(JUnit4TestReference.java:86)&#13;
	at org.eclipse.jdt.internal.junit.runner.TestExecution.run(TestExecution.java:38)&#13;
	at org.eclipse.jdt.internal.junit.runner.RemoteTestRunner.runTests(RemoteTestRunner.java:459)&#13;
	at org.eclipse.jdt.internal.junit.runner.RemoteTestRunner.runTests(RemoteTestRunner.java:675)&#13;
	at org.eclipse.jdt.internal.junit.runner.RemoteTestRunner.run(RemoteTestRunner.java:382)&#13;
	at org.eclipse.jdt.internal.junit.runner.RemoteTestRunner.main(RemoteTestRunner.java:192)&#13;
Caused by: org.apache.ibatis.reflection.ReflectionException: There is no getter for property named 'name' in 'class cn.wolfcode.shop.domain.Product'&#13;
	at org.apache.ibatis.reflection.Reflector.getGetInvoker(Reflector.java:333)&#13;
	at org.apache.ibatis.reflection.MetaClass.getGetInvoker(MetaClass.java:160)&#13;
	at org.apache.ibatis.reflection.wrapper.BeanWrapper.getBeanProperty(BeanWrapper.java:151)&#13;
	at org.apache.ibatis.reflection.wrapper.BeanWrapper.get(BeanWrapper.java:44)&#13;
	at org.apache.ibatis.reflection.MetaObject.getValue(MetaObject.java:123)&#13;
	at org.apache.ibatis.executor.parameter.DefaultParameterHandler.setParameters(DefaultParameterHandler.java:83)&#13;
	at org.apache.ibatis.executor.statement.PreparedStatementHandler.parameterize(PreparedStatementHandler.java:77)&#13;
	at org.apache.ibatis.executor.statement.RoutingStatementHandler.parameterize(RoutingStatementHandler.java:58)&#13;
	at org.apache.ibatis.executor.SimpleExecutor.prepareStatement(SimpleExecutor.java:71)&#13;
	at org.apache.ibatis.executor.SimpleExecutor.doUpdate(SimpleExecutor.java:44)&#13;
	at org.apache.ibatis.executor.BaseExecutor.update(BaseExecutor.java:108)&#13;
	at org.apache.ibatis.executor.CachingExecutor.update(CachingExecutor.java:75)&#13;
	at org.apache.ibatis.session.defaults.DefaultSqlSession.update(DefaultSqlSession.java:145)&#13;
	... 26 more&#13;
&#13;
</error>
  </testcase>
</testrun>
